<?xml version="1.0" encoding="UTF-8"?>
<!-- Generated by org.testng.reporters.JUnitReportReporter -->
<testsuite hostname="SateeshMunagala" name="com.jala.MagnusFrameWork.LoginT" tests="1" failures="0" timestamp="11 Apr 2018 17:06:26 GMT" time="5.838" errors="0">
  <testcase name="loginAdmin" time="5.838" classname="com.jala.MagnusFrameWork.LoginT"/>
</testsuite> <!-- com.jala.MagnusFrameWork.LoginT -->
