<?xml version="1.0" encoding="UTF-8"?>
<!-- Generated by org.testng.reporters.JUnitReportReporter -->
<testsuite hostname="SateeshMunagala" name="com.jala.testsuites.LoginTest" tests="1" failures="0" timestamp="11 Apr 2018 17:24:43 GMT" time="7.361" errors="0">
  <testcase name="loginAdmin" time="7.361" classname="com.jala.testsuites.LoginTest"/>
</testsuite> <!-- com.jala.testsuites.LoginTest -->
